\BOOKMARK [0][-]{chapter.1}{\376\377\000M\000a\000t\000e\000m\000a\000t\000i\000c\000k\000\375\000\040\000a\000p\000a\000r\000\341\000t}{}% 1
\BOOKMARK [1][-]{section.1.1}{\376\377\000H\000o\000m\000o\000g\000e\000n\000n\000\355\000\040\000s\000o\000u\001\131\000a\000d\000n\000i\000c\000e}{chapter.1}% 2
\BOOKMARK [1][-]{section.1.2}{\376\377\000R\000o\000t\000a\000c\000e\000\040\000a\000\040\000r\000o\000t\000a\001\015\000n\000\355\000\040\000m\000a\000t\000i\000c\000e}{chapter.1}% 3
\BOOKMARK [1][-]{section.1.3}{\376\377\000S\000o\000b\000e\000l\001\157\000v\000\040\000o\000p\000e\000r\000\341\000t\000o\000r\000\040\000p\000r\000o\000\040\000d\000e\000t\000e\000k\000c\000i\000\040\000h\000r\000a\000n}{chapter.1}% 4
\BOOKMARK [1][-]{section.1.4}{\376\377\000H\000l\000e\000d\000\341\000n\000\355\000\040\000k\000o\000n\000v\000e\000x\000n\000\355\000h\000o\000\040\000o\000b\000a\000l\000u\000\040\000m\000n\000o\001\176\000i\000n\000y\000\040\000b\000o\000d\001\157}{chapter.1}% 5
\BOOKMARK [1][-]{section.1.5}{\376\377\000V\000l\000a\000s\000t\000n\000\355\000\040\001\015\000\355\000s\000l\000a\000\040\000a\000\040\000v\000e\000k\000t\000o\000r\000y}{chapter.1}% 6
\BOOKMARK [1][-]{section.1.6}{\376\377\000S\000i\000n\000g\000u\000l\000\341\000r\000n\000\355\000\040\000r\000o\000z\000k\000l\000a\000d}{chapter.1}% 7
\BOOKMARK [1][-]{section.1.7}{\376\377\000A\000n\000a\000l\000\375\000z\000a\000\040\000h\000l\000a\000v\000n\000\355\000c\000h\000\040\000k\000o\000m\000p\000o\000n\000e\000n\000t}{chapter.1}% 8
\BOOKMARK [0][-]{chapter.2}{\376\377\000K\000a\000m\000e\000r\000a}{}% 9
\BOOKMARK [1][-]{section.2.1}{\376\377\000D\000\355\000r\000k\000o\000v\000\375\000\040\000m\000o\000d\000e\000l\000\040\000k\000a\000m\000e\000r\000y}{chapter.2}% 10
\BOOKMARK [1][-]{section.2.2}{\376\377\000S\000t\000e\000r\000e\000o\000\040\000k\000a\000m\000e\000r\000a}{chapter.2}% 11
\BOOKMARK [2][-]{subsection.2.2.1}{\376\377\000V\000\375\000p\000o\001\015\000e\000t\000\040\000v\000z\000d\000\341\000l\000e\000n\000o\000s\000t\000i}{section.2.2}% 12
\BOOKMARK [2][-]{subsection.2.2.2}{\376\377\000C\000h\000y\000b\000a\000\040\000v\000\375\000p\000o\001\015\000t\000u\000\040\000v\000z\000d\000\341\000l\000e\000n\000o\000s\000t\000i}{section.2.2}% 13
\BOOKMARK [2][-]{subsection.2.2.3}{\376\377\000E\000p\000i\000p\000o\000l\000\341\000r\000n\000\355\000\040\000g\000e\000o\000m\000e\000t\000r\000i\000e}{section.2.2}% 14
\BOOKMARK [1][-]{section.2.3}{\376\377\000H\000l\000e\000d\000\341\000n\000\355\000\040\000s\000t\000e\000r\000e\000o\000\040\000p\000\341\000r\000u}{chapter.2}% 15
\BOOKMARK [2][-]{subsection.2.3.1}{\376\377\000P\000l\000o\001\141\000n\000\351\000\040\000m\000e\000t\000o\000d\000y}{section.2.3}% 16
\BOOKMARK [2][-]{subsection.2.3.2}{\376\377\000P\000o\000r\000o\000v\000n\000\341\000v\000\341\000n\000\355\000\040\000r\000y\000s\001\157}{section.2.3}% 17
\BOOKMARK [1][-]{section.2.4}{\376\377\000I\000n\000t\000e\000l\000\040\000R\000e\000a\000l\000s\000e\000n\000s\000e\000\040\000D\0004\0003\0005}{chapter.2}% 18
\BOOKMARK [1][-]{section.2.5}{\376\377\000M\000e\000t\000o\000d\000y\000\040\000v\000\040\000d\000e\000t\000e\000k\000c\000i\000\040\000o\000b\000j\000e\000k\000t\001\157\000\040\000z\000\040\000h\000l\000o\000u\000b\000k\000o\000v\000\375\000c\000h\000\040\000d\000a\000t}{chapter.2}% 19
\BOOKMARK [2][-]{subsection.2.5.1}{\376\377\000K\000l\000a\000s\000i\000c\000k\000\351\000\040\000m\000e\000t\000o\000d\000y}{section.2.5}% 20
\BOOKMARK [2][-]{subsection.2.5.2}{\376\377\000S\000e\000g\000m\000e\000n\000t\000a\000c\000e\000\040\000o\000b\000r\000a\000z\000u}{section.2.5}% 21
\BOOKMARK [2][-]{subsection.2.5.3}{\376\377\000U\000r\001\015\000o\000v\000\341\000n\000\355\000\040\000n\000o\000r\000m\000\341\000l\000o\000v\000\351\000h\000o\000\040\000v\000e\000k\000t\000o\000r\000u}{section.2.5}% 22
\BOOKMARK [1][-]{section.2.6}{\376\377\000V\000\375\000p\000o\000e\000t\000\040\000n\000o\000r\000m\000\341\000l\000o\000v\000\351\000h\000o\000\040\000v\000e\000k\000t\000o\000r\000u\000\040\000p\000l\000o\000c\000h\000y\000\040\000n\000e\000r\000g\000a\000n\000i\000z\000o\000v\000n\000\351\000h\000o\000\040\000m\000r\000a\001\015\000n\000a\000\040\000b\000o\000d\001\157}{chapter.2}% 23
\BOOKMARK [1][-]{section.2.7}{\376\377\000R\000A\000N\000S\000A\000C}{chapter.2}% 24
\BOOKMARK [1][-]{section.2.8}{\376\377\000Z\000v\000o\000l\000e\000n\000\375\000\040\000p\000o\000s\000t\000u\000p}{chapter.2}% 25
\BOOKMARK [2][-]{subsection.2.8.1}{\376\377\000S\000e\000g\000m\000e\000n\000t\000a\000c\000e\000\040\000o\000b\000r\000a\000z\000u}{section.2.8}% 26
\BOOKMARK [2][-]{subsection.2.8.2}{\376\377\000D\000e\000t\000e\000k\000c\000e\000\040\000o\000b\000j\000e\000k\000t\001\157\000\040\000z\000e\000\040\000s\000e\000g\000m\000e\000n\000t\000o\000v\000a\000n\000\351\000h\000o\000\040\000o\000b\000r\000a\000z\000u}{section.2.8}% 27
\BOOKMARK [0][-]{chapter*.11}{\376\377\000L\000i\000t\000e\000r\000a\000t\000u\000r\000a}{}% 28
